Microsoft (R) Macro Assembler Version 6.11		    02/04/20 13:22:31
Hello World Program (Hello2.asm)			     Page 1 - 1


				TITLE Hello World Program (Hello2.asm)
				.MODEL tiny
				.STACK 100h
				.386
 0000				.data
 0000 48 65 6C 6C 6F 2C		message BYTE "Hello, world!",0dh,0ah
       20 77 6F 72 6C 64
       21 0D 0A
 000F				data1 dq 1
       0000000000000001
 0000				.code
 0000				main PROC
				.STARTUP
 0100  B4 40			mov ah,40h ; write to file/device
 0102  BB 0001			mov bx,1 ; output handle
 0105  B9 000F			mov cx,SIZEOF message ; number of bytes
 0108  BA 0000 R		mov dx,OFFSET message ; addr of buffer
 010B  CD 21			int 21h
				.EXIT
 0111				main ENDP
				END
Microsoft (R) Macro Assembler Version 6.11		    02/04/20 13:22:31
Hello World Program (Hello2.asm)			     Symbols 2 - 1




Segments and Groups:

                N a m e                 Size     Length   Align   Combine Class

DGROUP . . . . . . . . . . . . .	GROUP
_TEXT  . . . . . . . . . . . . .	16 Bit	 0111	  Word	  Public  'CODE'	
_DATA  . . . . . . . . . . . . .	16 Bit	 0017	  Word	  Public  'DATA'	
STACK  . . . . . . . . . . . . .	16 Bit	 0100	  Para	  Stack	  'STACK'	 


Procedures,  parameters and locals:

                N a m e                 Type     Value    Attr

main . . . . . . . . . . . . . .	P Near	 0000	  _TEXT	Length= 0111 Public
  @Startup . . . . . . . . . . .	L Near	 0100	  _TEXT	


Symbols:

                N a m e                 Type     Value    Attr

@CodeSize  . . . . . . . . . . .	Number	 0000h	 
@DataSize  . . . . . . . . . . .	Number	 0000h	 
@Interface . . . . . . . . . . .	Number	 0000h	 
@Model . . . . . . . . . . . . .	Number	 0001h	 
@code  . . . . . . . . . . . . .	Text   	 DGROUP
@data  . . . . . . . . . . . . .	Text   	 DGROUP
@fardata?  . . . . . . . . . . .	Text   	 FAR_BSS
@fardata . . . . . . . . . . . .	Text   	 FAR_DATA
@stack . . . . . . . . . . . . .	Text   	 DGROUP
data1  . . . . . . . . . . . . .	QWord	 000F	  _DATA	
message  . . . . . . . . . . . .	Byte	 0000	  _DATA	

	   0 Warnings
	   0 Errors
